<?xml version="1.0" encoding="UTF-8"?>
<!-- Generated by org.testng.reporters.JUnitReportReporter -->
<testsuite hostname="PC-Pooja" failures="0" tests="5" name="com.testingUsingMaven.selenuim.TCForLoginPage" time="16.387" errors="0" timestamp="31 Aug 2018 04:52:06 GMT" skipped="0">
  <testcase classname="com.testingUsingMaven.selenuim.TCForLoginPage" name="emailIsBlank" time="0.712"/>
  <testcase classname="com.testingUsingMaven.selenuim.TCForLoginPage" name="emailIsInvalid" time="1.095"/>
  <testcase classname="com.testingUsingMaven.selenuim.TCForLoginPage" name="validEmailPwdBlank" time="4.044"/>
  <testcase classname="com.testingUsingMaven.selenuim.TCForLoginPage" name="validEmailPwdInvalid" time="1.238"/>
  <testcase classname="com.testingUsingMaven.selenuim.TCForLoginPage" name="bothAreValid" time="9.298"/>
</testsuite> <!-- com.testingUsingMaven.selenuim.TCForLoginPage -->
